<?xml version="1.0" encoding="UTF-8"?>
<!-- Generated by org.testng.reporters.JUnitXMLReporter -->
<testsuite ignored="0" hostname="Ashwini" failures="0" tests="3" name="Default test" time="22.343" errors="0" timestamp="2022-11-11T12:27:57 IST">
  <testcase classname="TestCases.InventoryPageTest" name="removeTest" time="1.379"/>
  <testcase classname="TestCases.InventoryPageTest" name="selectBoxTest" time="6.371"/>
  <testcase classname="TestCases.InventoryPageTest" name="gotonextpageTest" time="0.777"/>
</testsuite> <!-- Default test -->
