<?xml version="1.0" encoding="UTF-8"?>
<!-- Generated by org.testng.reporters.JUnitXMLReporter -->
<testsuite ignored="1" hostname="Ashwini" failures="0" tests="2" name="Default test(failed)(failed)" time="22.069" errors="0" timestamp="2022-11-09T10:06:03 IST">
  <testcase classname="TestCases.InventoryPageTest" name="selectBoxTest" time="7.541"/>
  <testcase classname="TestCases.InventoryPageTest" name="gotonextpageTest" time="1.016"/>
  <testcase classname="TestCases.InventoryPageTest" name="removeTest" time="0.0">
    <ignored/>
  </testcase> <!-- removeTest -->
</testsuite> <!-- Default test(failed)(failed) -->
